#
# There is insufficient memory for the Java Runtime Environment to continue.
# Native memory allocation (malloc) failed to allocate 2081216 bytes. Error detail: Chunk::new
# Possible reasons:
#   The system is out of physical RAM or swap space
#   This process is running with CompressedOops enabled, and the Java Heap may be blocking the growth of the native heap
# Possible solutions:
#   Reduce memory load on the system
#   Increase physical memory or swap space
#   Check if swap backing store is full
#   Decrease Java heap size (-Xmx/-Xms)
#   Decrease number of Java threads
#   Decrease Java thread stack sizes (-Xss)
#   Set larger code cache with -XX:ReservedCodeCacheSize=
#   JVM is running with Unscaled Compressed Oops mode in which the Java heap is
#     placed in the first 4GB address space. The Java Heap base address is the
#     maximum limit for the native heap growth. Please use -XX:HeapBaseMinAddress
#     to set the Java Heap base and to place the Java Heap above 4GB virtual address.
# This output file may be truncated or incomplete.
#
#  Out of Memory Error (arena.cpp:150), pid=8352, tid=8844
#
# JRE version: Java(TM) SE Runtime Environment (22.0.1+8) (build 22.0.1+8-16)
# Java VM: Java HotSpot(TM) 64-Bit Server VM (22.0.1+8-16, mixed mode, sharing, tiered, compressed oops, compressed class ptrs, g1 gc, windows-amd64)
# No core dump will be written. Minidumps are not enabled by default on client versions of Windows
#

---------------  S U M M A R Y ------------

Command Line: -Dfile.encoding=UTF-8 --module-path=C:\Users\a\Documents\NetBeansProjects\Library Management System\build\classes login

Host: Intel(R) Core(TM) i5-5300U CPU @ 2.30GHz, 4 cores, 3G,  Windows 10 , 64 bit Build 19041 (10.0.19041.4597)
Time: Thu Jul 18 08:31:14 2024 India Standard Time elapsed time: 29.294580 seconds (0d 0h 0m 29s)

---------------  T H R E A D  ---------------

Current thread (0x00000226a44c0bd0):  JavaThread "C2 CompilerThread0" daemon [_thread_in_native, id=8844, stack(0x0000005789500000,0x0000005789600000) (1024K)]


Current CompileTask:
C2:29294 3120       4       sun.security.ec.ECOperations::setSum (685 bytes)

Stack: [0x0000005789500000,0x0000005789600000]
Native frames: (J=compiled Java code, j=interpreted, Vv=VM code, C=native code)
V  [jvm.dll+0x6e2279]  (no source info available)
V  [jvm.dll+0x874e33]  (no source info available)
V  [jvm.dll+0x87725e]  (no source info available)
V  [jvm.dll+0x877933]  (no source info available)
V  [jvm.dll+0x27fd76]  (no source info available)
V  [jvm.dll+0xc3d0f]  (no source info available)
V  [jvm.dll+0xc3f6b]  (no source info available)
V  [jvm.dll+0x3bb10c]  (no source info available)
V  [jvm.dll+0x387b6b]  (no source info available)
V  [jvm.dll+0x386fda]  (no source info available)
V  [jvm.dll+0x247918]  (no source info available)
V  [jvm.dll+0x246fbf]  (no source info available)
V  [jvm.dll+0x1c4e90]  (no source info available)
V  [jvm.dll+0x2569fe]  (no source info available)
V  [jvm.dll+0x254cba]  (no source info available)
V  [jvm.dll+0x3f5336]  (no source info available)
V  [jvm.dll+0x81d44b]  (no source info available)
V  [jvm.dll+0x6e0915]  (no source info available)
C  [ucrtbase.dll+0x21bb2]  (no source info available)
C  [KERNEL32.DLL+0x17374]  (no source info available)
C  [ntdll.dll+0x4cc91]  (no source info available)


---------------  P R O C E S S  ---------------

Threads class SMR info:
_java_thread_list=0x00000226ecd06320, length=17, elements={
0x00000226a44a7ed0, 0x00000226a44ab6c0, 0x00000226a44ae930, 0x00000226a44aefa0,
0x00000226a44b5dd0, 0x00000226a44b9a20, 0x00000226a44c0bd0, 0x00000226a44e3a50,
0x00000226a44b6c30, 0x00000226a44b72c0, 0x00000226a44b8d00, 0x00000226a44b7950,
0x00000226a44b8670, 0x00000226a44b7fe0, 0x00000226a44ba0b0, 0x00000226eb428f40,
0x00000226eb4288b0
}

Java Threads: ( => current thread )
  0x00000226a44a7ed0 JavaThread "Reference Handler"          daemon [_thread_blocked, id=13336, stack(0x0000005788f00000,0x0000005789000000) (1024K)]
  0x00000226a44ab6c0 JavaThread "Finalizer"                  daemon [_thread_blocked, id=9104, stack(0x0000005789000000,0x0000005789100000) (1024K)]
  0x00000226a44ae930 JavaThread "Signal Dispatcher"          daemon [_thread_blocked, id=11904, stack(0x0000005789100000,0x0000005789200000) (1024K)]
  0x00000226a44aefa0 JavaThread "Attach Listener"            daemon [_thread_blocked, id=7920, stack(0x0000005789200000,0x0000005789300000) (1024K)]
  0x00000226a44b5dd0 JavaThread "Service Thread"             daemon [_thread_blocked, id=11504, stack(0x0000005789300000,0x0000005789400000) (1024K)]
  0x00000226a44b9a20 JavaThread "Monitor Deflation Thread"   daemon [_thread_blocked, id=8616, stack(0x0000005789400000,0x0000005789500000) (1024K)]
=>0x00000226a44c0bd0 JavaThread "C2 CompilerThread0"         daemon [_thread_in_native, id=8844, stack(0x0000005789500000,0x0000005789600000) (1024K)]
  0x00000226a44e3a50 JavaThread "C1 CompilerThread0"         daemon [_thread_blocked, id=13572, stack(0x0000005789600000,0x0000005789700000) (1024K)]
  0x00000226a44b6c30 JavaThread "Common-Cleaner"             daemon [_thread_blocked, id=1928, stack(0x0000005789700000,0x0000005789800000) (1024K)]
  0x00000226a44b72c0 JavaThread "Notification Thread"        daemon [_thread_blocked, id=9564, stack(0x0000005789800000,0x0000005789900000) (1024K)]
  0x00000226a44b8d00 JavaThread "Java2D Disposer"            daemon [_thread_blocked, id=12460, stack(0x0000005789900000,0x0000005789a00000) (1024K)]
  0x00000226a44b7950 JavaThread "AWT-Shutdown"                      [_thread_blocked, id=10648, stack(0x0000005789a00000,0x0000005789b00000) (1024K)]
  0x00000226a44b8670 JavaThread "AWT-Windows"                daemon [_thread_in_native, id=13832, stack(0x0000005789b00000,0x0000005789c00000) (1024K)]
  0x00000226a44b7fe0 JavaThread "AWT-EventQueue-0"                  [_thread_blocked, id=8164, stack(0x0000005789c00000,0x0000005789d00000) (1024K)]
  0x00000226a44ba0b0 JavaThread "DestroyJavaVM"                     [_thread_blocked, id=10588, stack(0x0000005788700000,0x0000005788800000) (1024K)]
  0x00000226eb428f40 JavaThread "mysql-cj-abandoned-connection-cleanup" daemon [_thread_blocked, id=2708, stack(0x000000578a400000,0x000000578a500000) (1024K)]
  0x00000226eb4288b0 JavaThread "TimerQueue"                 daemon [_thread_blocked, id=3180, stack(0x0000005789d00000,0x0000005789e00000) (1024K)]
Total: 17

Other Threads:
  0x0000022689a2e0b0 VMThread "VM Thread"                           [id=7436, stack(0x0000005788e00000,0x0000005788f00000) (1024K)]
  0x00000226a449bb50 WatcherThread "VM Periodic Task Thread"        [id=2200, stack(0x0000005788d00000,0x0000005788e00000) (1024K)]
  0x00000226899a4110 WorkerThread "GC Thread#0"                     [id=4716, stack(0x0000005788800000,0x0000005788900000) (1024K)]
  0x00000226eb5da250 WorkerThread "GC Thread#1"                     [id=10016, stack(0x000000578a100000,0x000000578a200000) (1024K)]
  0x00000226eb5dca10 WorkerThread "GC Thread#2"                     [id=12120, stack(0x000000578a200000,0x000000578a300000) (1024K)]
  0x00000226eb5dcdc0 WorkerThread "GC Thread#3"                     [id=7520, stack(0x000000578a300000,0x000000578a400000) (1024K)]
  0x00000226899ade10 ConcurrentGCThread "G1 Main Marker"            [id=7312, stack(0x0000005788900000,0x0000005788a00000) (1024K)]
  0x00000226899aefd0 WorkerThread "G1 Conc#0"                       [id=7712, stack(0x0000005788a00000,0x0000005788b00000) (1024K)]
  0x0000022689a09110 ConcurrentGCThread "G1 Refine#0"               [id=6172, stack(0x0000005788b00000,0x0000005788c00000) (1024K)]
  0x0000022689a0b7c0 ConcurrentGCThread "G1 Service"                [id=1548, stack(0x0000005788c00000,0x0000005788d00000) (1024K)]
Total: 10

Threads with active compile tasks:
C2 CompilerThread0  30148 3120       4       sun.security.ec.ECOperations::setSum (685 bytes)
Total: 1

VM state: not at safepoint (normal execution)

VM Mutex/Monitor currently owned by a thread: None

Heap address: 0x00000000c1e00000, size: 994 MB, Compressed Oops mode: 32-bit

CDS archive(s) mapped at: [0x00000226a5000000-0x00000226a5c60000-0x00000226a5c60000), size 12976128, SharedBaseAddress: 0x00000226a5000000, ArchiveRelocationMode: 1.
Compressed class space mapped at: 0x00000226a6000000-0x00000226e6000000, reserved size: 1073741824
Narrow klass base: 0x00000226a5000000, Narrow klass shift: 0, Narrow klass range: 0x41000000

GC Precious Log:
 CardTable entry size: 512
 Card Set container configuration: InlinePtr #cards 5 size 8 Array Of Cards #cards 12 size 40 Howl #buckets 4 coarsen threshold 1843 Howl Bitmap #cards 512 size 80 coarsen threshold 460 Card regions per heap region 1 cards per card region 2048
 CPUs: 4 total, 4 available
 Memory: 3971M
 Large Page Support: Disabled
 NUMA Support: Disabled
 Compressed Oops: Enabled (32-bit)
 Heap Region Size: 1M
 Heap Min Capacity: 8M
 Heap Initial Capacity: 64M
 Heap Max Capacity: 994M
 Pre-touch: Disabled
 Parallel Workers: 4
 Concurrent Workers: 1
 Concurrent Refinement Workers: 4
 Periodic GC: Disabled

Heap:
 garbage-first heap   total reserved 1017856K, committed 65536K, used 31811K [0x00000000c1e00000, 0x0000000100000000)
  region size 1024K, 17 young (17408K), 3 survivors (3072K)
 Metaspace       used 20188K, committed 20416K, reserved 1114112K
  class space    used 2218K, committed 2304K, reserved 1048576K

Heap Regions: E=young(eden), S=young(survivor), O=old, HS=humongous(starts), HC=humongous(continues), CS=collection set, F=free, TAMS=top-at-mark-start, PB=parsable bottom
|   0|0x00000000c1e00000, 0x00000000c1f00000, 0x00000000c1f00000|100%|HS|  |TAMS 0x00000000c1e00000| PB 0x00000000c1e00000| Complete |  0
|   1|0x00000000c1f00000, 0x00000000c2000000, 0x00000000c2000000|100%|HC|  |TAMS 0x00000000c1f00000| PB 0x00000000c1f00000| Complete |  0
|   2|0x00000000c2000000, 0x00000000c2100000, 0x00000000c2100000|100%|HC|  |TAMS 0x00000000c2000000| PB 0x00000000c2000000| Complete |  0
|   3|0x00000000c2100000, 0x00000000c2200000, 0x00000000c2200000|100%|HC|  |TAMS 0x00000000c2100000| PB 0x00000000c2100000| Complete |  0
|   4|0x00000000c2200000, 0x00000000c2300000, 0x00000000c2300000|100%| O|  |TAMS 0x00000000c2200000| PB 0x00000000c2200000| Untracked |  0
|   5|0x00000000c2300000, 0x00000000c2400000, 0x00000000c2400000|100%| O|  |TAMS 0x00000000c2300000| PB 0x00000000c2300000| Untracked |  0
|   6|0x00000000c2400000, 0x00000000c2500000, 0x00000000c2500000|100%|HS|  |TAMS 0x00000000c2400000| PB 0x00000000c2400000| Complete |  0
|   7|0x00000000c2500000, 0x00000000c2600000, 0x00000000c2600000|100%|HC|  |TAMS 0x00000000c2500000| PB 0x00000000c2500000| Complete |  0
|   8|0x00000000c2600000, 0x00000000c2700000, 0x00000000c2700000|100%|HC|  |TAMS 0x00000000c2600000| PB 0x00000000c2600000| Complete |  0
|   9|0x00000000c2700000, 0x00000000c2800000, 0x00000000c2800000|100%|HC|  |TAMS 0x00000000c2700000| PB 0x00000000c2700000| Complete |  0
|  10|0x00000000c2800000, 0x00000000c2900000, 0x00000000c2900000|100%|HC|  |TAMS 0x00000000c2800000| PB 0x00000000c2800000| Complete |  0
|  11|0x00000000c2900000, 0x00000000c2a00000, 0x00000000c2a00000|100%|HC|  |TAMS 0x00000000c2900000| PB 0x00000000c2900000| Complete |  0
|  12|0x00000000c2a00000, 0x00000000c2b00000, 0x00000000c2b00000|100%|HC|  |TAMS 0x00000000c2a00000| PB 0x00000000c2a00000| Complete |  0
|  13|0x00000000c2b00000, 0x00000000c2c00000, 0x00000000c2c00000|100%|HC|  |TAMS 0x00000000c2b00000| PB 0x00000000c2b00000| Complete |  0
|  14|0x00000000c2c00000, 0x00000000c2d00000, 0x00000000c2d00000|100%| O|  |TAMS 0x00000000c2c00000| PB 0x00000000c2c00000| Untracked |  0
|  15|0x00000000c2d00000, 0x00000000c2e00000, 0x00000000c2e00000|100%| O|  |TAMS 0x00000000c2d00000| PB 0x00000000c2d00000| Untracked |  0
|  16|0x00000000c2e00000, 0x00000000c2e10f08, 0x00000000c2f00000|  6%| O|  |TAMS 0x00000000c2e00000| PB 0x00000000c2e00000| Untracked |  0
|  17|0x00000000c2f00000, 0x00000000c2f00000, 0x00000000c3000000|  0%| F|  |TAMS 0x00000000c2f00000| PB 0x00000000c2f00000| Untracked |  0
|  18|0x00000000c3000000, 0x00000000c3000000, 0x00000000c3100000|  0%| F|  |TAMS 0x00000000c3000000| PB 0x00000000c3000000| Untracked |  0
|  19|0x00000000c3100000, 0x00000000c3100000, 0x00000000c3200000|  0%| F|  |TAMS 0x00000000c3100000| PB 0x00000000c3100000| Untracked |  0
|  20|0x00000000c3200000, 0x00000000c3200000, 0x00000000c3300000|  0%| F|  |TAMS 0x00000000c3200000| PB 0x00000000c3200000| Untracked |  0
|  21|0x00000000c3300000, 0x00000000c3300000, 0x00000000c3400000|  0%| F|  |TAMS 0x00000000c3300000| PB 0x00000000c3300000| Untracked |  0
|  22|0x00000000c3400000, 0x00000000c3400000, 0x00000000c3500000|  0%| F|  |TAMS 0x00000000c3400000| PB 0x00000000c3400000| Untracked |  0
|  23|0x00000000c3500000, 0x00000000c3500000, 0x00000000c3600000|  0%| F|  |TAMS 0x00000000c3500000| PB 0x00000000c3500000| Untracked |  0
|  24|0x00000000c3600000, 0x00000000c3600000, 0x00000000c3700000|  0%| F|  |TAMS 0x00000000c3600000| PB 0x00000000c3600000| Untracked |  0
|  25|0x00000000c3700000, 0x00000000c3700000, 0x00000000c3800000|  0%| F|  |TAMS 0x00000000c3700000| PB 0x00000000c3700000| Untracked |  0
|  26|0x00000000c3800000, 0x00000000c3800000, 0x00000000c3900000|  0%| F|  |TAMS 0x00000000c3800000| PB 0x00000000c3800000| Untracked |  0
|  27|0x00000000c3900000, 0x00000000c3900000, 0x00000000c3a00000|  0%| F|  |TAMS 0x00000000c3900000| PB 0x00000000c3900000| Untracked |  0
|  28|0x00000000c3a00000, 0x00000000c3a00000, 0x00000000c3b00000|  0%| F|  |TAMS 0x00000000c3a00000| PB 0x00000000c3a00000| Untracked |  0
|  29|0x00000000c3b00000, 0x00000000c3b00000, 0x00000000c3c00000|  0%| F|  |TAMS 0x00000000c3b00000| PB 0x00000000c3b00000| Untracked |  0
|  30|0x00000000c3c00000, 0x00000000c3c00000, 0x00000000c3d00000|  0%| F|  |TAMS 0x00000000c3c00000| PB 0x00000000c3c00000| Untracked |  0
|  31|0x00000000c3d00000, 0x00000000c3d00000, 0x00000000c3e00000|  0%| F|  |TAMS 0x00000000c3d00000| PB 0x00000000c3d00000| Untracked |  0
|  32|0x00000000c3e00000, 0x00000000c3e00000, 0x00000000c3f00000|  0%| F|  |TAMS 0x00000000c3e00000| PB 0x00000000c3e00000| Untracked |  0
|  33|0x00000000c3f00000, 0x00000000c3f00000, 0x00000000c4000000|  0%| F|  |TAMS 0x00000000c3f00000| PB 0x00000000c3f00000| Untracked |  0
|  34|0x00000000c4000000, 0x00000000c4000000, 0x00000000c4100000|  0%| F|  |TAMS 0x00000000c4000000| PB 0x00000000c4000000| Untracked |  0
|  35|0x00000000c4100000, 0x00000000c4100000, 0x00000000c4200000|  0%| F|  |TAMS 0x00000000c4100000| PB 0x00000000c4100000| Untracked |  0
|  36|0x00000000c4200000, 0x00000000c4200000, 0x00000000c4300000|  0%| F|  |TAMS 0x00000000c4200000| PB 0x00000000c4200000| Untracked |  0
|  37|0x00000000c4300000, 0x00000000c4300000, 0x00000000c4400000|  0%| F|  |TAMS 0x00000000c4300000| PB 0x00000000c4300000| Untracked |  0
|  38|0x00000000c4400000, 0x00000000c4400000, 0x00000000c4500000|  0%| F|  |TAMS 0x00000000c4400000| PB 0x00000000c4400000| Untracked |  0
|  39|0x00000000c4500000, 0x00000000c4500000, 0x00000000c4600000|  0%| F|  |TAMS 0x00000000c4500000| PB 0x00000000c4500000| Untracked |  0
|  40|0x00000000c4600000, 0x00000000c4600000, 0x00000000c4700000|  0%| F|  |TAMS 0x00000000c4600000| PB 0x00000000c4600000| Untracked |  0
|  41|0x00000000c4700000, 0x00000000c4700000, 0x00000000c4800000|  0%| F|  |TAMS 0x00000000c4700000| PB 0x00000000c4700000| Untracked |  0
|  42|0x00000000c4800000, 0x00000000c4800000, 0x00000000c4900000|  0%| F|  |TAMS 0x00000000c4800000| PB 0x00000000c4800000| Untracked |  0
|  43|0x00000000c4900000, 0x00000000c4a00000, 0x00000000c4a00000|100%| S|CS|TAMS 0x00000000c4900000| PB 0x00000000c4900000| Complete |  0
|  44|0x00000000c4a00000, 0x00000000c4b00000, 0x00000000c4b00000|100%| S|CS|TAMS 0x00000000c4a00000| PB 0x00000000c4a00000| Complete |  0
|  45|0x00000000c4b00000, 0x00000000c4c00000, 0x00000000c4c00000|100%| S|CS|TAMS 0x00000000c4b00000| PB 0x00000000c4b00000| Complete |  0
|  46|0x00000000c4c00000, 0x00000000c4c00000, 0x00000000c4d00000|  0%| F|  |TAMS 0x00000000c4c00000| PB 0x00000000c4c00000| Untracked |  0
|  47|0x00000000c4d00000, 0x00000000c4d00000, 0x00000000c4e00000|  0%| F|  |TAMS 0x00000000c4d00000| PB 0x00000000c4d00000| Untracked |  0
|  48|0x00000000c4e00000, 0x00000000c4e00000, 0x00000000c4f00000|  0%| F|  |TAMS 0x00000000c4e00000| PB 0x00000000c4e00000| Untracked |  0
|  49|0x00000000c4f00000, 0x00000000c4f00000, 0x00000000c5000000|  0%| F|  |TAMS 0x00000000c4f00000| PB 0x00000000c4f00000| Untracked |  0
|  50|0x00000000c5000000, 0x00000000c504ff68, 0x00000000c5100000| 31%| E|  |TAMS 0x00000000c5000000| PB 0x00000000c5000000| Complete |  0
|  51|0x00000000c5100000, 0x00000000c5200000, 0x00000000c5200000|100%| E|CS|TAMS 0x00000000c5100000| PB 0x00000000c5100000| Complete |  0
|  52|0x00000000c5200000, 0x00000000c5300000, 0x00000000c5300000|100%| E|CS|TAMS 0x00000000c5200000| PB 0x00000000c5200000| Complete |  0
|  53|0x00000000c5300000, 0x00000000c5400000, 0x00000000c5400000|100%| E|CS|TAMS 0x00000000c5300000| PB 0x00000000c5300000| Complete |  0
|  54|0x00000000c5400000, 0x00000000c5500000, 0x00000000c5500000|100%| E|  |TAMS 0x00000000c5400000| PB 0x00000000c5400000| Complete |  0
|  55|0x00000000c5500000, 0x00000000c5600000, 0x00000000c5600000|100%| E|CS|TAMS 0x00000000c5500000| PB 0x00000000c5500000| Complete |  0
|  56|0x00000000c5600000, 0x00000000c5700000, 0x00000000c5700000|100%| E|CS|TAMS 0x00000000c5600000| PB 0x00000000c5600000| Complete |  0
|  57|0x00000000c5700000, 0x00000000c5800000, 0x00000000c5800000|100%| E|CS|TAMS 0x00000000c5700000| PB 0x00000000c5700000| Complete |  0
|  58|0x00000000c5800000, 0x00000000c5900000, 0x00000000c5900000|100%| E|CS|TAMS 0x00000000c5800000| PB 0x00000000c5800000| Complete |  0
|  59|0x00000000c5900000, 0x00000000c5a00000, 0x00000000c5a00000|100%| E|CS|TAMS 0x00000000c5900000| PB 0x00000000c5900000| Complete |  0
|  60|0x00000000c5a00000, 0x00000000c5b00000, 0x00000000c5b00000|100%| E|CS|TAMS 0x00000000c5a00000| PB 0x00000000c5a00000| Complete |  0
|  61|0x00000000c5b00000, 0x00000000c5c00000, 0x00000000c5c00000|100%| E|CS|TAMS 0x00000000c5b00000| PB 0x00000000c5b00000| Complete |  0
|  62|0x00000000c5c00000, 0x00000000c5d00000, 0x00000000c5d00000|100%| E|CS|TAMS 0x00000000c5c00000| PB 0x00000000c5c00000| Complete |  0
|  63|0x00000000c5d00000, 0x00000000c5e00000, 0x00000000c5e00000|100%| E|CS|TAMS 0x00000000c5d00000| PB 0x00000000c5d00000| Complete |  0

Card table byte_map: [0x00000226a0ec0000,0x00000226a10c0000] _byte_map_base: 0x00000226a08b1000

Marking Bits: (CMBitMap*) 0x00000226899a5740
 Bits: [0x00000226a10c0000, 0x00000226a2048000)

Polling page: 0x0000022687950000

Metaspace:

Usage:
  Non-class:     17.55 MB used.
      Class:      2.17 MB used.
       Both:     19.72 MB used.

Virtual space:
  Non-class space:       64.00 MB reserved,      17.69 MB ( 28%) committed,  1 nodes.
      Class space:        1.00 GB reserved,       2.25 MB ( <1%) committed,  1 nodes.
             Both:        1.06 GB reserved,      19.94 MB (  2%) committed. 

Chunk freelists:
   Non-Class:  14.14 MB
       Class:  13.70 MB
        Both:  27.84 MB

MaxMetaspaceSize: unlimited
CompressedClassSpaceSize: 1.00 GB
Initial GC threshold: 21.00 MB
Current GC threshold: 21.00 MB
CDS: on
 - commit_granule_bytes: 65536.
 - commit_granule_words: 8192.
 - virtual_space_node_default_size: 8388608.
 - enlarge_chunks_in_place: 1.
 - use_allocation_guard: 0.


Internal statistics:

num_allocs_failed_limit: 0.
num_arena_births: 210.
num_arena_deaths: 0.
num_vsnodes_births: 2.
num_vsnodes_deaths: 0.
num_space_committed: 318.
num_space_uncommitted: 0.
num_chunks_returned_to_freelist: 0.
num_chunks_taken_from_freelist: 405.
num_chunk_merges: 0.
num_chunk_splits: 244.
num_chunks_enlarged: 138.
num_inconsistent_stats: 0.

CodeHeap 'non-profiled nmethods': size=120000Kb used=1294Kb max_used=1294Kb free=118705Kb
 bounds [0x0000022699790000, 0x0000022699a00000, 0x00000226a0cc0000]
CodeHeap 'profiled nmethods': size=120000Kb used=5809Kb max_used=5809Kb free=114190Kb
 bounds [0x0000022691cc0000, 0x0000022692270000, 0x00000226991f0000]
CodeHeap 'non-nmethods': size=5760Kb used=1770Kb max_used=1809Kb free=3989Kb
 bounds [0x00000226991f0000, 0x0000022699460000, 0x0000022699790000]
 total_blobs=3939 nmethods=3151 adapters=692
 compilation: enabled
              stopped_count=0, restarted_count=0
 full_count=0

Compilation events (20 events):
Event: 29.137 Thread 0x00000226a44e3a50 3138       3       sun.security.util.math.IntegerModuloP$MultiplicativeInverser$Secp256R1::inverse (304 bytes)
Event: 29.138 Thread 0x00000226a44e3a50 nmethod 3138 0x000002269225ae10 code [0x000002269225b160, 0x000002269225c6e0]
Event: 29.141 Thread 0x00000226a44e3a50 3139       3       sun.security.util.math.intpoly.IntegerPolynomial::finalReduce (147 bytes)
Event: 29.142 Thread 0x00000226a44e3a50 nmethod 3139 0x000002269225ce10 code [0x000002269225d000, 0x000002269225d5e8]
Event: 29.142 Thread 0x00000226a44e3a50 3140       3       sun.security.ec.ECOperations$PointMultiplier$Default::pointMultiply (329 bytes)
Event: 29.144 Thread 0x00000226a44e3a50 nmethod 3140 0x000002269225d910 code [0x000002269225dce0, 0x000002269225ffc0]
Event: 29.144 Thread 0x00000226a44e3a50 3142       3       com.sun.crypto.provider.HmacCore::engineUpdate (33 bytes)
Event: 29.145 Thread 0x00000226a44e3a50 nmethod 3142 0x0000022692260c10 code [0x0000022692260e00, 0x00000226922614b8]
Event: 29.145 Thread 0x00000226a44e3a50 3143       3       javax.crypto.Mac::doFinal (65 bytes)
Event: 29.146 Thread 0x00000226a44e3a50 nmethod 3143 0x0000022692261710 code [0x0000022692261940, 0x0000022692261f60]
Event: 29.146 Thread 0x00000226a44e3a50 3144       3       javax.crypto.spec.SecretKeySpec::<init> (109 bytes)
Event: 29.146 Thread 0x00000226a44e3a50 nmethod 3144 0x0000022692262210 code [0x0000022692262460, 0x0000022692262d20]
Event: 29.146 Thread 0x00000226a44e3a50 3145       3       java.lang.CharacterDataLatin1::isWhitespace (23 bytes)
Event: 29.147 Thread 0x00000226a44e3a50 nmethod 3145 0x0000022692263010 code [0x00000226922631c0, 0x00000226922633c8]
Event: 29.149 Thread 0x00000226a44e3a50 3146       3       java.util.ArrayList::<init> (65 bytes)
Event: 29.150 Thread 0x00000226a44e3a50 nmethod 3146 0x0000022692263510 code [0x0000022692263720, 0x0000022692263d50]
Event: 29.165 Thread 0x00000226a44e3a50 3147  s    3       java.lang.Throwable::fillInStackTrace (29 bytes)
Event: 29.166 Thread 0x00000226a44e3a50 nmethod 3147 0x0000022692263f10 code [0x00000226922640c0, 0x00000226922643a8]
Event: 29.166 Thread 0x00000226a44e3a50 3149       3       com.sun.crypto.provider.GaloisCounterMode::increment32 (32 bytes)
Event: 29.166 Thread 0x00000226a44e3a50 nmethod 3149 0x0000022692264490 code [0x0000022692264640, 0x0000022692264838]

GC Heap History (4 events):
Event: 4.814 GC heap before
{Heap before GC invocations=0 (full 0):
 garbage-first heap   total reserved 1017856K, committed 65536K, used 18432K [0x00000000c1e00000, 0x0000000100000000)
  region size 1024K, 14 young (14336K), 0 survivors (0K)
 Metaspace       used 9091K, committed 9280K, reserved 1114112K
  class space    used 1054K, committed 1152K, reserved 1048576K
}
Event: 4.836 GC heap after
{Heap after GC invocations=1 (full 0):
 garbage-first heap   total reserved 1017856K, committed 65536K, used 7616K [0x00000000c1e00000, 0x0000000100000000)
  region size 1024K, 2 young (2048K), 2 survivors (2048K)
 Metaspace       used 9091K, committed 9280K, reserved 1114112K
  class space    used 1054K, committed 1152K, reserved 1048576K
}
Event: 13.645 GC heap before
{Heap before GC invocations=1 (full 0):
 garbage-first heap   total reserved 1017856K, committed 65536K, used 31168K [0x00000000c1e00000, 0x0000000100000000)
  region size 1024K, 18 young (18432K), 2 survivors (2048K)
 Metaspace       used 19198K, committed 19456K, reserved 1114112K
  class space    used 2174K, committed 2304K, reserved 1048576K
}
Event: 13.656 GC heap after
{Heap after GC invocations=2 (full 0):
 garbage-first heap   total reserved 1017856K, committed 65536K, used 19523K [0x00000000c1e00000, 0x0000000100000000)
  region size 1024K, 3 young (3072K), 3 survivors (3072K)
 Metaspace       used 19198K, committed 19456K, reserved 1114112K
  class space    used 2174K, committed 2304K, reserved 1048576K
}

Dll operation events (12 events):
Event: 0.020 Loaded shared library C:\Program Files\Java\jdk-22\bin\java.dll
Event: 0.505 Loaded shared library C:\Program Files\Java\jdk-22\bin\jsvml.dll
Event: 0.584 Loaded shared library C:\Program Files\Java\jdk-22\bin\net.dll
Event: 0.613 Loaded shared library C:\Program Files\Java\jdk-22\bin\nio.dll
Event: 0.812 Loaded shared library C:\Program Files\Java\jdk-22\bin\zip.dll
Event: 0.875 Loaded shared library C:\Program Files\Java\jdk-22\bin\jimage.dll
Event: 1.017 Loaded shared library C:\Program Files\Java\jdk-22\bin\awt.dll
Event: 1.610 Loaded shared library C:\Program Files\Java\jdk-22\bin\freetype.dll
Event: 1.626 Loaded shared library C:\Program Files\Java\jdk-22\bin\fontmanager.dll
Event: 3.527 Loaded shared library C:\Program Files\Java\jdk-22\bin\javajpeg.dll
Event: 8.437 Loaded shared library C:\Program Files\Java\jdk-22\bin\extnet.dll
Event: 11.135 Loaded shared library C:\Program Files\Java\jdk-22\bin\sunmscapi.dll

Deoptimization events (20 events):
Event: 22.780 Thread 0x00000226a44b7fe0 DEOPT PACKING pc=0x0000022691eb330f sp=0x0000005789cfd460
Event: 22.780 Thread 0x00000226a44b7fe0 DEOPT UNPACKING pc=0x0000022699244e42 sp=0x0000005789cfc860 mode 0
Event: 22.784 Thread 0x00000226a44b7fe0 DEOPT PACKING pc=0x0000022691eb5743 sp=0x0000005789cfd3b0
Event: 22.784 Thread 0x00000226a44b7fe0 DEOPT UNPACKING pc=0x0000022699244e42 sp=0x0000005789cfc860 mode 0
Event: 24.242 Thread 0x00000226a44b7fe0 DEOPT PACKING pc=0x00000226921662d3 sp=0x0000005789cfd230
Event: 24.242 Thread 0x00000226a44b7fe0 DEOPT UNPACKING pc=0x0000022699244e42 sp=0x0000005789cfc628 mode 0
Event: 24.738 Thread 0x00000226a44b7fe0 DEOPT PACKING pc=0x00000226921a5c7e sp=0x0000005789cfd280
Event: 24.738 Thread 0x00000226a44b7fe0 DEOPT UNPACKING pc=0x0000022699244e42 sp=0x0000005789cfc6d0 mode 0
Event: 24.738 Thread 0x00000226a44b7fe0 Uncommon trap: trap_request=0xffffff6e fr.pc=0x00000226998ba6b8 relative=0x00000000000033d8
Event: 24.738 Thread 0x00000226a44b7fe0 Uncommon trap: reason=loop_limit_check action=maybe_recompile pc=0x00000226998ba6b8 method=sun.java2d.marlin.Renderer._endRendering(II)V @ 1137 c2
Event: 24.738 Thread 0x00000226a44b7fe0 DEOPT PACKING pc=0x00000226998ba6b8 sp=0x0000005789cfd3a0
Event: 24.738 Thread 0x00000226a44b7fe0 DEOPT UNPACKING pc=0x00000226992446a2 sp=0x0000005789cfd1a0 mode 2
Event: 25.195 Thread 0x00000226a44b7fe0 DEOPT PACKING pc=0x0000022691eb5743 sp=0x0000005789cfcef0
Event: 25.196 Thread 0x00000226a44b7fe0 DEOPT UNPACKING pc=0x0000022699244e42 sp=0x0000005789cfc380 mode 0
Event: 26.003 Thread 0x00000226a44b7fe0 DEOPT PACKING pc=0x00000226921a3933 sp=0x0000005789cfd090
Event: 26.004 Thread 0x00000226a44b7fe0 DEOPT UNPACKING pc=0x0000022699244e42 sp=0x0000005789cfc508 mode 0
Event: 29.145 Thread 0x00000226a44b7fe0 DEOPT PACKING pc=0x000002269206c73e sp=0x0000005789cfce80
Event: 29.145 Thread 0x00000226a44b7fe0 DEOPT UNPACKING pc=0x0000022699244e42 sp=0x0000005789cfc340 mode 0
Event: 29.147 Thread 0x00000226a44b7fe0 DEOPT PACKING pc=0x000002269206e64f sp=0x0000005789cfd1f0
Event: 29.147 Thread 0x00000226a44b7fe0 DEOPT UNPACKING pc=0x0000022699244e42 sp=0x0000005789cfc718 mode 0

Classes loaded (20 events):
Event: 21.446 Loading class javax/swing/event/DocumentEvent$ElementChange
Event: 21.446 Loading class javax/swing/event/DocumentEvent$ElementChange done
Event: 21.446 Loading class javax/swing/CellRendererPane
Event: 21.451 Loading class javax/swing/CellRendererPane done
Event: 21.451 Loading class javax/swing/JLayer
Event: 21.457 Loading class javax/swing/JLayer done
Event: 21.457 Loading class javax/swing/text/AbstractDocument$UndoRedoDocumentEvent
Event: 21.458 Loading class javax/swing/text/AbstractDocument$UndoRedoDocumentEvent done
Event: 21.458 Loading class javax/swing/text/DefaultCaret$1
Event: 21.458 Loading class javax/swing/text/DefaultCaret$1 done
Event: 21.459 Loading class javax/swing/event/UndoableEditEvent
Event: 21.467 Loading class javax/swing/event/UndoableEditEvent done
Event: 21.468 Loading class javax/swing/text/AbstractDocument$DefaultDocumentEventUndoableWrapper
Event: 21.468 Loading class sun/swing/text/UndoableEditLockSupport
Event: 21.468 Loading class sun/swing/text/UndoableEditLockSupport done
Event: 21.468 Loading class javax/swing/text/AbstractDocument$DefaultDocumentEventUndoableWrapper done
Event: 21.468 Loading class javax/swing/event/UndoableEditListener
Event: 21.468 Loading class javax/swing/event/UndoableEditListener done
Event: 21.469 Loading class javax/swing/RepaintManager$3
Event: 21.469 Loading class javax/swing/RepaintManager$3 done

Classes unloaded (0 events):
No events

Classes redefined (0 events):
No events

Internal exceptions (20 events):
Event: 14.502 Thread 0x00000226a44b7fe0 Implicit null exception at 0x00000226997ef9e0 to 0x00000226997f0084
Event: 14.502 Thread 0x00000226a44b7fe0 Implicit null exception at 0x00000226998644da to 0x0000022699864a4a
Event: 14.502 Thread 0x00000226a44b7fe0 Implicit null exception at 0x00000226997ef9e0 to 0x00000226997f0084
Event: 14.502 Thread 0x00000226a44b7fe0 Implicit null exception at 0x00000226998644da to 0x0000022699864a4a
Event: 14.575 Thread 0x00000226a44b7fe0 Exception <a 'java/io/IOException'{0x00000000c5807370}> (0x00000000c5807370) 
thrown [s\open\src\hotspot\share\prims\jni.cpp, line 520]
Event: 14.660 Thread 0x00000226a44b7fe0 Exception <a 'java/lang/NullPointerException'{0x00000000c581b048}> (0x00000000c581b048) 
thrown [s\open\src\hotspot\share\interpreter\linkResolver.cpp, line 1458]
Event: 16.923 Thread 0x00000226a44b7fe0 Exception <a 'java/io/IOException'{0x00000000c58a9938}> (0x00000000c58a9938) 
thrown [s\open\src\hotspot\share\prims\jni.cpp, line 520]
Event: 16.925 Thread 0x00000226a44b7fe0 Exception <a 'java/lang/NullPointerException'{0x00000000c58bd880}> (0x00000000c58bd880) 
thrown [s\open\src\hotspot\share\interpreter\linkResolver.cpp, line 1458]
Event: 18.284 Thread 0x00000226a44b7fe0 Exception <a 'java/io/IOException'{0x00000000c57589f8}> (0x00000000c57589f8) 
thrown [s\open\src\hotspot\share\prims\jni.cpp, line 520]
Event: 18.286 Thread 0x00000226a44b7fe0 Exception <a 'java/lang/NullPointerException'{0x00000000c576c700}> (0x00000000c576c700) 
thrown [s\open\src\hotspot\share\interpreter\linkResolver.cpp, line 1458]
Event: 19.435 Thread 0x00000226a44b7fe0 Exception <a 'java/io/IOException'{0x00000000c57fc6e8}> (0x00000000c57fc6e8) 
thrown [s\open\src\hotspot\share\prims\jni.cpp, line 520]
Event: 19.436 Thread 0x00000226a44b7fe0 Exception <a 'java/lang/NullPointerException'{0x00000000c5610650}> (0x00000000c5610650) 
thrown [s\open\src\hotspot\share\interpreter\linkResolver.cpp, line 1458]
Event: 28.376 Thread 0x00000226a44b7fe0 Exception <a 'java/io/IOException'{0x00000000c5264cc8}> (0x00000000c5264cc8) 
thrown [s\open\src\hotspot\share\prims\jni.cpp, line 520]
Event: 28.378 Thread 0x00000226a44b7fe0 Exception <a 'java/lang/NullPointerException'{0x00000000c5278c50}> (0x00000000c5278c50) 
thrown [s\open\src\hotspot\share\interpreter\linkResolver.cpp, line 1458]
Event: 28.761 Thread 0x00000226a44b7fe0 Exception <a 'java/io/IOException'{0x00000000c52e1930}> (0x00000000c52e1930) 
thrown [s\open\src\hotspot\share\prims\jni.cpp, line 520]
Event: 28.763 Thread 0x00000226a44b7fe0 Exception <a 'java/lang/NullPointerException'{0x00000000c52f5608}> (0x00000000c52f5608) 
thrown [s\open\src\hotspot\share\interpreter\linkResolver.cpp, line 1458]
Event: 28.964 Thread 0x00000226a44b7fe0 Exception <a 'java/io/IOException'{0x00000000c515e000}> (0x00000000c515e000) 
thrown [s\open\src\hotspot\share\prims\jni.cpp, line 520]
Event: 28.965 Thread 0x00000226a44b7fe0 Exception <a 'java/lang/NullPointerException'{0x00000000c5171cd8}> (0x00000000c5171cd8) 
thrown [s\open\src\hotspot\share\interpreter\linkResolver.cpp, line 1458]
Event: 29.166 Thread 0x00000226a44b7fe0 Exception <a 'java/io/IOException'{0x00000000c51da258}> (0x00000000c51da258) 
thrown [s\open\src\hotspot\share\prims\jni.cpp, line 520]
Event: 29.167 Thread 0x00000226a44b7fe0 Exception <a 'java/lang/NullPointerException'{0x00000000c51ee178}> (0x00000000c51ee178) 
thrown [s\open\src\hotspot\share\interpreter\linkResolver.cpp, line 1458]

ZGC Phase Switch (0 events):
No events

VM Operations (20 events):
Event: 19.672 Executing VM operation: Cleanup
Event: 19.672 Executing VM operation: Cleanup done
Event: 20.686 Executing VM operation: Cleanup
Event: 20.686 Executing VM operation: Cleanup done
Event: 21.690 Executing VM operation: Cleanup
Event: 21.690 Executing VM operation: Cleanup done
Event: 22.691 Executing VM operation: Cleanup
Event: 22.691 Executing VM operation: Cleanup done
Event: 23.691 Executing VM operation: Cleanup
Event: 23.692 Executing VM operation: Cleanup done
Event: 24.700 Executing VM operation: Cleanup
Event: 24.701 Executing VM operation: Cleanup done
Event: 25.703 Executing VM operation: Cleanup
Event: 25.703 Executing VM operation: Cleanup done
Event: 26.710 Executing VM operation: Cleanup
Event: 26.710 Executing VM operation: Cleanup done
Event: 27.719 Executing VM operation: Cleanup
Event: 27.719 Executing VM operation: Cleanup done
Event: 28.727 Executing VM operation: Cleanup
Event: 28.727 Executing VM operation: Cleanup done

Events (20 events):
Event: 0.371 Thread 0x00000226a44a7ed0 Thread added: 0x00000226a44a7ed0
Event: 0.371 Thread 0x00000226a44ab6c0 Thread added: 0x00000226a44ab6c0
Event: 0.382 Thread 0x00000226a44ae930 Thread added: 0x00000226a44ae930
Event: 0.383 Thread 0x00000226a44aefa0 Thread added: 0x00000226a44aefa0
Event: 0.383 Thread 0x00000226a44b5dd0 Thread added: 0x00000226a44b5dd0
Event: 0.383 Thread 0x00000226a44b9a20 Thread added: 0x00000226a44b9a20
Event: 0.384 Thread 0x00000226a44c0bd0 Thread added: 0x00000226a44c0bd0
Event: 0.384 Thread 0x00000226a44e3a50 Thread added: 0x00000226a44e3a50
Event: 0.525 Thread 0x00000226a44b6c30 Thread added: 0x00000226a44b6c30
Event: 0.786 Thread 0x00000226a44b72c0 Thread added: 0x00000226a44b72c0
Event: 1.327 Thread 0x00000226a44b8d00 Thread added: 0x00000226a44b8d00
Event: 1.332 Thread 0x00000226a44b7950 Thread added: 0x00000226a44b7950
Event: 1.337 Thread 0x00000226a44b8670 Thread added: 0x00000226a44b8670
Event: 2.135 Thread 0x00000226a44b7fe0 Thread added: 0x00000226a44b7fe0
Event: 2.145 Thread 0x00000226877f5cd0 Thread exited: 0x00000226877f5cd0
Event: 2.145 Thread 0x00000226a44ba0b0 Thread added: 0x00000226a44ba0b0
Event: 3.187 Thread 0x00000226a44b9390 Thread added: 0x00000226a44b9390
Event: 7.756 Thread 0x00000226eb428f40 Thread added: 0x00000226eb428f40
Event: 8.706 Thread 0x00000226a44b9390 Thread exited: 0x00000226a44b9390
Event: 20.581 Thread 0x00000226eb4288b0 Thread added: 0x00000226eb4288b0


Dynamic libraries:
0x00007ff6cdbe0000 - 0x00007ff6cdbf0000 	C:\Program Files\Java\jdk-22\bin\java.exe
0x00007ffb166b0000 - 0x00007ffb168a8000 	C:\WINDOWS\SYSTEM32\ntdll.dll
0x00007ffb162e0000 - 0x00007ffb163a1000 	C:\WINDOWS\System32\KERNEL32.DLL
0x00007ffb140d0000 - 0x00007ffb143c6000 	C:\WINDOWS\System32\KERNELBASE.dll
0x00007ffb14530000 - 0x00007ffb14630000 	C:\WINDOWS\System32\ucrtbase.dll
0x00007ffb06460000 - 0x00007ffb0647b000 	C:\Program Files\Java\jdk-22\bin\VCRUNTIME140.dll
0x00007ffb06220000 - 0x00007ffb06237000 	C:\Program Files\Java\jdk-22\bin\jli.dll
0x00007ffb15430000 - 0x00007ffb154e0000 	C:\WINDOWS\System32\ADVAPI32.dll
0x00007ffb15ca0000 - 0x00007ffb15d3e000 	C:\WINDOWS\System32\msvcrt.dll
0x00007ffb15540000 - 0x00007ffb155e0000 	C:\WINDOWS\System32\sechost.dll
0x00007ffb15af0000 - 0x00007ffb15c13000 	C:\WINDOWS\System32\RPCRT4.dll
0x00007ffb14460000 - 0x00007ffb14487000 	C:\WINDOWS\System32\bcrypt.dll
0x00007ffb147c0000 - 0x00007ffb1495f000 	C:\WINDOWS\System32\USER32.dll
0x00007ffb14050000 - 0x00007ffb14072000 	C:\WINDOWS\System32\win32u.dll
0x00007ffb146e0000 - 0x00007ffb1470b000 	C:\WINDOWS\System32\GDI32.dll
0x00007ffb08bf0000 - 0x00007ffb08e8a000 	C:\WINDOWS\WinSxS\amd64_microsoft.windows.common-controls_6595b64144ccf1df_6.0.19041.4355_none_60b8b9eb71f62e16\COMCTL32.dll
0x00007ffb13f30000 - 0x00007ffb14047000 	C:\WINDOWS\System32\gdi32full.dll
0x00007ffb14490000 - 0x00007ffb1452d000 	C:\WINDOWS\System32\msvcp_win.dll
0x00007ffb0b4f0000 - 0x00007ffb0b4fa000 	C:\WINDOWS\SYSTEM32\VERSION.dll
0x00007ffb16640000 - 0x00007ffb1666f000 	C:\WINDOWS\System32\IMM32.DLL
0x00007ffb0a9c0000 - 0x00007ffb0a9cc000 	C:\Program Files\Java\jdk-22\bin\vcruntime140_1.dll
0x00007ffadf590000 - 0x00007ffadf61e000 	C:\Program Files\Java\jdk-22\bin\msvcp140.dll
0x00007ffaa94c0000 - 0x00007ffaaa207000 	C:\Program Files\Java\jdk-22\bin\server\jvm.dll
0x00007ffb163b0000 - 0x00007ffb1641b000 	C:\WINDOWS\System32\WS2_32.dll
0x00007ffb13bb0000 - 0x00007ffb13bfb000 	C:\WINDOWS\SYSTEM32\POWRPROF.dll
0x00007ffb088a0000 - 0x00007ffb088c7000 	C:\WINDOWS\SYSTEM32\WINMM.dll
0x00007ffb13b90000 - 0x00007ffb13ba2000 	C:\WINDOWS\SYSTEM32\UMPDC.dll
0x00007ffb12570000 - 0x00007ffb12582000 	C:\WINDOWS\SYSTEM32\kernel.appcore.dll
0x00007ffb065b0000 - 0x00007ffb065ba000 	C:\Program Files\Java\jdk-22\bin\jimage.dll
0x00007ffb121e0000 - 0x00007ffb123c4000 	C:\WINDOWS\SYSTEM32\DBGHELP.DLL
0x00007ffaf9b10000 - 0x00007ffaf9b44000 	C:\WINDOWS\SYSTEM32\dbgcore.DLL
0x00007ffb143d0000 - 0x00007ffb14452000 	C:\WINDOWS\System32\bcryptPrimitives.dll
0x00007ffaf97e0000 - 0x00007ffaf97fe000 	C:\Program Files\Java\jdk-22\bin\java.dll
0x00007ffb14960000 - 0x00007ffb150cc000 	C:\WINDOWS\System32\SHELL32.dll
0x00007ffb15640000 - 0x00007ffb1576b000 	C:\WINDOWS\System32\ole32.dll
0x00007ffb150d0000 - 0x00007ffb15423000 	C:\WINDOWS\System32\combase.dll
0x00007ffb11980000 - 0x00007ffb1211e000 	C:\WINDOWS\SYSTEM32\windows.storage.dll
0x00007ffb136b0000 - 0x00007ffb136de000 	C:\WINDOWS\SYSTEM32\Wldp.dll
0x00007ffb15d40000 - 0x00007ffb15e0d000 	C:\WINDOWS\System32\OLEAUT32.dll
0x00007ffb14710000 - 0x00007ffb147bd000 	C:\WINDOWS\System32\SHCORE.dll
0x00007ffb155e0000 - 0x00007ffb15635000 	C:\WINDOWS\System32\shlwapi.dll
0x00007ffb13c90000 - 0x00007ffb13cb4000 	C:\WINDOWS\SYSTEM32\profapi.dll
0x00007ffae2fc0000 - 0x00007ffae3097000 	C:\Program Files\Java\jdk-22\bin\jsvml.dll
0x00007ffb05d40000 - 0x00007ffb05d50000 	C:\Program Files\Java\jdk-22\bin\net.dll
0x00007ffb13410000 - 0x00007ffb1347a000 	C:\WINDOWS\system32\mswsock.dll
0x00007ffaf6850000 - 0x00007ffaf6866000 	C:\Program Files\Java\jdk-22\bin\nio.dll
0x00007ffaf62e0000 - 0x00007ffaf62f7000 	C:\Program Files\Java\jdk-22\bin\zip.dll
0x00007ffadcb10000 - 0x00007ffadcc9e000 	C:\Program Files\Java\jdk-22\bin\awt.dll
0x00007ffb0f7d0000 - 0x00007ffb0f864000 	C:\WINDOWS\SYSTEM32\apphelp.dll
0x00007ffb11240000 - 0x00007ffb112de000 	C:\WINDOWS\system32\uxtheme.dll
0x00007ffb159d0000 - 0x00007ffb15ae4000 	C:\WINDOWS\System32\MSCTF.dll
0x00007ffb114b0000 - 0x00007ffb114df000 	C:\WINDOWS\system32\DWMAPI.DLL
0x00007ffadf500000 - 0x00007ffadf587000 	C:\Program Files\Java\jdk-22\bin\freetype.dll
0x00007ffadca30000 - 0x00007ffadcb07000 	C:\Program Files\Java\jdk-22\bin\fontmanager.dll
0x00007ffaf7370000 - 0x00007ffaf7498000 	C:\WINDOWS\system32\opengl32.dll
0x00007ffb001d0000 - 0x00007ffb001fc000 	C:\WINDOWS\SYSTEM32\GLU32.dll
0x00007ffb02600000 - 0x00007ffb0262e000 	C:\Program Files\Java\jdk-22\bin\javajpeg.dll
0x00007ffb164b0000 - 0x00007ffb16559000 	C:\WINDOWS\System32\clbcatq.dll
0x00007ffb11030000 - 0x00007ffb111e6000 	C:\WINDOWS\SYSTEM32\WindowsCodecs.dll
0x00007ffaf7cb0000 - 0x00007ffaf7cee000 	C:\WINDOWS\system32\dataexchange.dll
0x00007ffb0ed20000 - 0x00007ffb0ef04000 	C:\WINDOWS\system32\dcomp.dll
0x00007ffb0dac0000 - 0x00007ffb0dd23000 	C:\WINDOWS\system32\d3d11.dll
0x00007ffb125e0000 - 0x00007ffb126d5000 	C:\WINDOWS\system32\dxgi.dll
0x00007ffb0e9a0000 - 0x00007ffb0eba3000 	C:\WINDOWS\system32\twinapi.appcore.dll
0x00007ffb093b0000 - 0x00007ffb094a9000 	C:\WINDOWS\SYSTEM32\textinputframework.dll
0x00007ffb0f2a0000 - 0x00007ffb0f5fb000 	C:\WINDOWS\System32\CoreUIComponents.dll
0x00007ffb0f1a0000 - 0x00007ffb0f292000 	C:\WINDOWS\System32\CoreMessaging.dll
0x00007ffb12e50000 - 0x00007ffb12e83000 	C:\WINDOWS\SYSTEM32\ntmarta.dll
0x00007ffb105f0000 - 0x00007ffb10747000 	C:\WINDOWS\SYSTEM32\wintypes.dll
0x00007ffb13130000 - 0x00007ffb131fa000 	C:\WINDOWS\SYSTEM32\DNSAPI.dll
0x00007ffb130f0000 - 0x00007ffb1312b000 	C:\WINDOWS\SYSTEM32\IPHLPAPI.DLL
0x00007ffb15990000 - 0x00007ffb15998000 	C:\WINDOWS\System32\NSI.dll
0x00007ffb0b4c0000 - 0x00007ffb0b4ca000 	C:\Windows\System32\rasadhlp.dll
0x00007ffb07500000 - 0x00007ffb07580000 	C:\WINDOWS\System32\fwpuclnt.dll
0x00007ffb062a0000 - 0x00007ffb062a9000 	C:\Program Files\Java\jdk-22\bin\extnet.dll
0x00007ffb13600000 - 0x00007ffb13618000 	C:\WINDOWS\SYSTEM32\CRYPTSP.dll
0x00007ffb12d30000 - 0x00007ffb12d64000 	C:\WINDOWS\system32\rsaenh.dll
0x00007ffb13c40000 - 0x00007ffb13c6e000 	C:\WINDOWS\SYSTEM32\USERENV.dll
0x00007ffb13620000 - 0x00007ffb1362c000 	C:\WINDOWS\SYSTEM32\CRYPTBASE.dll
0x00007ffb0f970000 - 0x00007ffb0f97e000 	C:\Program Files\Java\jdk-22\bin\sunmscapi.dll
0x00007ffb13dd0000 - 0x00007ffb13f2e000 	C:\WINDOWS\System32\CRYPT32.dll
0x00007ffb13720000 - 0x00007ffb13749000 	C:\WINDOWS\SYSTEM32\ncrypt.dll
0x00007ffb136e0000 - 0x00007ffb1371b000 	C:\WINDOWS\SYSTEM32\NTASN1.dll

dbghelp: loaded successfully - version: 4.0.5 - missing functions: none
symbol engine: initialized successfully - sym options: 0x614 - pdb path: .;C:\Program Files\Java\jdk-22\bin;C:\WINDOWS\SYSTEM32;C:\WINDOWS\WinSxS\amd64_microsoft.windows.common-controls_6595b64144ccf1df_6.0.19041.4355_none_60b8b9eb71f62e16;C:\Program Files\Java\jdk-22\bin\server

VM Arguments:
jvm_args: -Dfile.encoding=UTF-8 --module-path=C:\Users\a\Documents\NetBeansProjects\Library Management System\build\classes 
java_command: login
java_class_path (initial): C:\Program Files\NetBeans-22\netbeans\java\modules\ext\AbsoluteLayout.jar;C:\Users\a\Desktop\mysql-connector-j-9.0.0\mysql-connector-j-9.0.0\mysql-connector-j-9.0.0.jar;C:\Users\a\Documents\NetBeansProjects\Library Management System\build\classes
Launcher Type: SUN_STANDARD

[Global flags]
     intx CICompilerCount                          = 3                                         {product} {ergonomic}
     uint ConcGCThreads                            = 1                                         {product} {ergonomic}
     uint G1ConcRefinementThreads                  = 4                                         {product} {ergonomic}
   size_t G1HeapRegionSize                         = 1048576                                   {product} {ergonomic}
   size_t InitialHeapSize                          = 67108864                                  {product} {ergonomic}
   size_t MarkStackSize                            = 4194304                                   {product} {ergonomic}
   size_t MaxHeapSize                              = 1042284544                                {product} {ergonomic}
   size_t MaxNewSize                               = 624951296                                 {product} {ergonomic}
   size_t MinHeapDeltaBytes                        = 1048576                                   {product} {ergonomic}
   size_t MinHeapSize                              = 8388608                                   {product} {ergonomic}
    uintx NonNMethodCodeHeapSize                   = 5832780                                {pd product} {ergonomic}
    uintx NonProfiledCodeHeapSize                  = 122912730                              {pd product} {ergonomic}
    uintx ProfiledCodeHeapSize                     = 122912730                              {pd product} {ergonomic}
    uintx ReservedCodeCacheSize                    = 251658240                              {pd product} {ergonomic}
     bool SegmentedCodeCache                       = true                                      {product} {ergonomic}
   size_t SoftMaxHeapSize                          = 1042284544                             {manageable} {ergonomic}
     bool UseCompressedOops                        = true                           {product lp64_product} {ergonomic}
     bool UseG1GC                                  = true                                      {product} {ergonomic}
     bool UseLargePagesIndividualAllocation        = false                                  {pd product} {ergonomic}

Logging:
Log output configuration:
 #0: stdout all=warning uptime,level,tags foldmultilines=false
 #1: stderr all=off uptime,level,tags foldmultilines=false

Environment Variables:
PATH=C:\Program Files\Common Files\Oracle\Java\javapath;C:\WINDOWS\system32;C:\WINDOWS;C:\WINDOWS\System32\Wbem;C:\WINDOWS\System32\WindowsPowerShell\v1.0\;C:\WINDOWS\System32\OpenSSH\;C:\MinGW\bin;C:\Program Files\Git\cmd;C:\Users\a\AppData\Local\Programs\Python\Python36\Scripts\;C:\Users\a\AppData\Local\Programs\Python\Python36\;C:\Users\a\AppData\Local\GitHubDesktop\bin;C:\Users\a\AppData\Local\Microsoft\WindowsApps;;C:\Program Files\JetBrains\IntelliJ IDEA Community Edition 2024.1.4\bin;;C:\Users\a\AppData\Local\Programs\Microsoft VS Code\bin;C:\Program Files (x86)\fastn;C:\Program Files\JetBrains\IntelliJ IDEA 2024.1.4\bin;
USERNAME=a
OS=Windows_NT
PROCESSOR_IDENTIFIER=Intel64 Family 6 Model 61 Stepping 4, GenuineIntel
TMP=C:\Users\a\AppData\Local\Temp
TEMP=C:\Users\a\AppData\Local\Temp




Periodic native trim disabled

---------------  S Y S T E M  ---------------

OS:
 Windows 10 , 64 bit Build 19041 (10.0.19041.4597)
OS uptime: 2 days 21:35 hours

CPU: total 4 (initial active 4) (2 cores per cpu, 2 threads per core) family 6 model 61 stepping 4 microcode 0x2d, cx8, cmov, fxsr, ht, mmx, 3dnowpref, sse, sse2, sse3, ssse3, sse4.1, sse4.2, popcnt, lzcnt, tsc, tscinvbit, avx, avx2, aes, erms, clmul, bmi1, bmi2, rtm, adx, fma, vzeroupper, clflush, rdtscp, f16c
Processor Information for all 4 processors :
  Max Mhz: 2301, Current Mhz: 2300, Mhz Limit: 2277

Memory: 4k page, system-wide physical 3971M (227M free)
TotalPageFile size 16259M (AvailPageFile size 6M)
current process WorkingSet (physical memory assigned to process): 141M, peak: 141M
current process commit charge ("private bytes"): 195M, peak: 196M

vm_info: Java HotSpot(TM) 64-Bit Server VM (22.0.1+8-16) for windows-amd64 JRE (22.0.1+8-16), built on 2024-03-12T10:33:16Z by "mach5one" with MS VC++ 17.6 (VS2022)

END.
